<?xml version="1.0" encoding="UTF-8"?>
<!-- Generated by org.testng.reporters.JUnitXMLReporter -->
<testsuite ignored="38" hostname="WDAP-a4bMI9jVJu" failures="1" tests="1" name="Western Digital" time="104.903" errors="0" timestamp="2025-01-30T20:28:52 IST">
  <testcase classname="test.Application" name="Verify_SDRMAENCration_TC_05" time="104.147">
    <failure type="org.openqa.selenium.TimeoutException" message="Expected condition failed: waiting for element to be clickable: By.xpath: (//*[@id=&amp;apos;reason-select-0&amp;apos;]) (tried for 60 second(s) with 500 MILLISECONDS interval)">
      <![CDATA[org.openqa.selenium.TimeoutException: Expected condition failed: waiting for element to be clickable: By.xpath: (//*[@id='reason-select-0']) (tried for 60 second(s) with 500 MILLISECONDS interval)
at org.openqa.selenium.support.ui.WebDriverWait.timeoutException(WebDriverWait.java:80)
at org.openqa.selenium.support.ui.FluentWait.until(FluentWait.java:232)
at PageObject.FLRMACreationPage.CreateRMA(FLRMACreationPage.java:114)
at test.Application.Verify_SDRMAENCration_TC_05(Application.java:80)
at java.base/java.util.ArrayList.forEach(ArrayList.java:1597)
Caused by: org.openqa.selenium.NoSuchElementException: Cannot locate an element using By.xpath: (//*[@id='reason-select-0'])
For documentation on this error, please visit: http://seleniumhq.org/exceptions/no_such_element.html
Build info: version: '3.4.0', revision: 'unknown', time: 'unknown'
System info: host: 'WDAP-A4BMI9JVJU', ip: '192.168.29.174', os.name: 'Windows 11', os.arch: 'amd64', os.version: '10.0', java.version: '22.0.2'
Driver info: driver.version: unknown
at org.openqa.selenium.support.ui.ExpectedConditions.lambda$findElement$0(ExpectedConditions.java:883)
at java.base/java.util.Optional.orElseThrow(Optional.java:403)
at org.openqa.selenium.support.ui.ExpectedConditions.findElement(ExpectedConditions.java:882)
at org.openqa.selenium.support.ui.ExpectedConditions.access$000(ExpectedConditions.java:44)
at org.openqa.selenium.support.ui.ExpectedConditions$7.apply(ExpectedConditions.java:206)
at org.openqa.selenium.support.ui.ExpectedConditions$7.apply(ExpectedConditions.java:202)
at org.openqa.selenium.support.ui.ExpectedConditions$22.apply(ExpectedConditions.java:644)
at org.openqa.selenium.support.ui.ExpectedConditions$22.apply(ExpectedConditions.java:641)
at org.openqa.selenium.support.ui.FluentWait.until(FluentWait.java:209)
... 28 more
... Removed 25 stack frames]]>
    </failure>
  </testcase> <!-- Verify_SDRMAENCration_TC_05 -->
  <testcase classname="test.Application" name="Verify_SDRMAJPCration_TC_29" time="0.0">
    <ignored/>
  </testcase> <!-- Verify_SDRMAJPCration_TC_29 -->
  <testcase classname="test.Application" name="Verify_FLKORMACration_TC_35" time="0.0">
    <ignored/>
  </testcase> <!-- Verify_FLKORMACration_TC_35 -->
  <testcase classname="test.Application" name="VerifySDJPlogin_TC_28" time="0.0">
    <ignored/>
  </testcase> <!-- VerifySDJPlogin_TC_28 -->
  <testcase classname="test.Application" name="Verify_FLKORMACration_TC_33" time="0.0">
    <ignored/>
  </testcase> <!-- Verify_FLKORMACration_TC_33 -->
  <testcase classname="test.Application" name="VerifySDZHlogin_TC_24" time="0.0">
    <ignored/>
  </testcase> <!-- VerifySDZHlogin_TC_24 -->
  <testcase classname="test.Application" name="VerifyFLZHlogin_TC_34" time="0.0">
    <ignored/>
  </testcase> <!-- VerifyFLZHlogin_TC_34 -->
  <testcase classname="test.Application" name="VerifySDENlogin_TC_04" time="0.0">
    <ignored/>
  </testcase> <!-- VerifySDENlogin_TC_04 -->
  <testcase classname="test.Application" name="VerifySDDElogin_TC_12" time="0.0">
    <ignored/>
  </testcase> <!-- VerifySDDElogin_TC_12 -->
  <testcase classname="test.Application" name="VerifySDPTlogin_TC_22" time="0.0">
    <ignored/>
  </testcase> <!-- VerifySDPTlogin_TC_22 -->
  <testcase classname="test.Application" name="Verify_SDRMAITCration_TC_17" time="0.0">
    <ignored/>
  </testcase> <!-- Verify_SDRMAITCration_TC_17 -->
  <testcase classname="test.Application" name="Verify_FLPTRMACration_TC_39" time="0.0">
    <ignored/>
  </testcase> <!-- Verify_FLPTRMACration_TC_39 -->
  <testcase classname="test.Application" name="VerifySDEUlogin_TC_08" time="0.0">
    <ignored/>
  </testcase> <!-- VerifySDEUlogin_TC_08 -->
  <testcase classname="test.Application" name="Verify_FLINRMACration_TC_31" time="0.0">
    <ignored/>
  </testcase> <!-- Verify_FLINRMACration_TC_31 -->
  <testcase classname="test.Application" name="VerifySDESlogin_TC_18" time="0.0">
    <ignored/>
  </testcase> <!-- VerifySDESlogin_TC_18 -->
  <testcase classname="test.Application" name="Verify_FLRMACration_TC_02" time="0.0">
    <ignored/>
  </testcase> <!-- Verify_FLRMACration_TC_02 -->
  <testcase classname="test.Application" name="VerifySDCNlogin_TC_06" time="0.0">
    <ignored/>
  </testcase> <!-- VerifySDCNlogin_TC_06 -->
  <testcase classname="test.Application" name="Verify_SDRMAEUCration_TC_09" time="0.0">
    <ignored/>
  </testcase> <!-- Verify_SDRMAEUCration_TC_09 -->
  <testcase classname="test.Application" name="VerifySDfrlogin_TC_14" time="0.0">
    <ignored/>
  </testcase> <!-- VerifySDfrlogin_TC_14 -->
  <testcase classname="test.Application" name="Verify_FLRURMACration_TC_37" time="0.0">
    <ignored/>
  </testcase> <!-- Verify_FLRURMACration_TC_37 -->
  <testcase classname="test.Application" name="Verifylogin_TC_01" time="0.0">
    <ignored/>
  </testcase> <!-- Verifylogin_TC_01 -->
  <testcase classname="test.Application" name="VerifyFLPTlogin_TC_38" time="0.0">
    <ignored/>
  </testcase> <!-- VerifyFLPTlogin_TC_38 -->
  <testcase classname="test.Application" name="VerifySDINlogin_TC_10" time="0.0">
    <ignored/>
  </testcase> <!-- VerifySDINlogin_TC_10 -->
  <testcase classname="test.Application" name="Verify_SDRMARUCration_TC_21" time="0.0">
    <ignored/>
  </testcase> <!-- Verify_SDRMARUCration_TC_21 -->
  <testcase classname="test.Application" name="Verify_SDRMAfrCration_TC_15" time="0.0">
    <ignored/>
  </testcase> <!-- Verify_SDRMAfrCration_TC_15 -->
  <testcase classname="test.Application" name="VerifyFLINlogin_TC_30" time="0.0">
    <ignored/>
  </testcase> <!-- VerifyFLINlogin_TC_30 -->
  <testcase classname="test.Application" name="Verify_SDRMAKOCration_TC_27" time="0.0">
    <ignored/>
  </testcase> <!-- Verify_SDRMAKOCration_TC_27 -->
  <testcase classname="test.Application" name="Verify_SDRMAPTCration_TC_23" time="0.0">
    <ignored/>
  </testcase> <!-- Verify_SDRMAPTCration_TC_23 -->
  <testcase classname="test.Application" name="Verify_SDRMADECration_TC_13" time="0.0">
    <ignored/>
  </testcase> <!-- Verify_SDRMADECration_TC_13 -->
  <testcase classname="test.Application" name="Verify_SDRMAZHCration_TC_25" time="0.0">
    <ignored/>
  </testcase> <!-- Verify_SDRMAZHCration_TC_25 -->
  <testcase classname="test.Application" name="VerifySDRUlogin_TC_20" time="0.0">
    <ignored/>
  </testcase> <!-- VerifySDRUlogin_TC_20 -->
  <testcase classname="test.Application" name="Verify_SDRMACNCration_TC_07" time="0.0">
    <ignored/>
  </testcase> <!-- Verify_SDRMACNCration_TC_07 -->
  <testcase classname="test.Application" name="VerifyFLRUlogin_TC_36" time="0.0">
    <ignored/>
  </testcase> <!-- VerifyFLRUlogin_TC_36 -->
  <testcase classname="test.Application" name="VerifySDKOlogin_TC_26" time="0.0">
    <ignored/>
  </testcase> <!-- VerifySDKOlogin_TC_26 -->
  <testcase classname="test.Application" name="VerifySDITlogin_TC_16" time="0.0">
    <ignored/>
  </testcase> <!-- VerifySDITlogin_TC_16 -->
  <testcase classname="test.Application" name="Verify_SDRMAESCration_TC_19" time="0.0">
    <ignored/>
  </testcase> <!-- Verify_SDRMAESCration_TC_19 -->
  <testcase classname="test.Application" name="VerifyFLKOlogin_TC_32" time="0.0">
    <ignored/>
  </testcase> <!-- VerifyFLKOlogin_TC_32 -->
  <testcase classname="test.Application" name="Verify_SDRMAINCration_TC_11" time="0.0">
    <ignored/>
  </testcase> <!-- Verify_SDRMAINCration_TC_11 -->
  <testcase classname="test.Application" name="Verify_IncidentCreation_TC_03" time="0.0">
    <ignored/>
  </testcase> <!-- Verify_IncidentCreation_TC_03 -->
</testsuite> <!-- Western Digital -->
